2025-04-02 00:02:42 [HikariPool-1 housekeeper] WARN  com.zaxxer.hikari.pool.HikariPool - HikariPool-1 - Thread starvation or clock leap detected (housekeeper delta=1h45m37s44ms).
2025-04-02 02:04:47 [HikariPool-1 housekeeper] WARN  com.zaxxer.hikari.pool.HikariPool - HikariPool-1 - Thread starvation or clock leap detected (housekeeper delta=2h2m5s628ms).
2025-04-02 05:07:38 [HikariPool-1 housekeeper] WARN  com.zaxxer.hikari.pool.HikariPool - HikariPool-1 - Thread starvation or clock leap detected (housekeeper delta=3h2m50s340ms).
2025-04-02 06:08:28 [HikariPool-1 housekeeper] WARN  com.zaxxer.hikari.pool.HikariPool - HikariPool-1 - Thread starvation or clock leap detected (housekeeper delta=1h50s3ms).
2025-04-02 06:43:58 [HikariPool-1 housekeeper] WARN  com.zaxxer.hikari.pool.HikariPool - HikariPool-1 - Retrograde clock change detected (housekeeper delta=29s589ms), soft-evicting connections from pool.
2025-04-02 07:16:31 [http-nio-8181-exec-5] DEBUG o.s.web.servlet.DispatcherServlet - GET "/api/v1/hospital/getAllHospitals", parameters={}
2025-04-02 07:16:31 [http-nio-8181-exec-5] DEBUG o.s.w.s.m.m.a.RequestMappingHandlerMapping - Mapped to com.zenveus.backend.controller.HospitalController#getHospitals()
2025-04-02 07:16:31 [http-nio-8181-exec-5] DEBUG org.hibernate.SQL - 
    select
        h1_0.id,
        h1_0.district,
        h1_0.latitude,
        h1_0.longitude,
        h1_0.name 
    from
        hospital h1_0
2025-04-02 07:16:31 [http-nio-8181-exec-5] DEBUG o.s.w.s.m.m.a.HttpEntityMethodProcessor - Using 'application/json', given [application/json, text/plain, */*] and supported [application/json, application/*+json]
2025-04-02 07:16:31 [http-nio-8181-exec-5] DEBUG o.s.w.s.m.m.a.HttpEntityMethodProcessor - Writing [[HospitalDTO(id=LL002300HP0001, name=General Hospital, latitude=6.9271, longitude=79.8612, district= (truncated)...]
2025-04-02 07:16:31 [http-nio-8181-exec-5] DEBUG o.s.web.servlet.DispatcherServlet - Completed 200 OK
2025-04-02 07:16:31 [http-nio-8181-exec-3] DEBUG o.s.web.servlet.DispatcherServlet - GET "/api/v1/hospital/getAllHospitals", parameters={}
2025-04-02 07:16:31 [http-nio-8181-exec-3] DEBUG o.s.w.s.m.m.a.RequestMappingHandlerMapping - Mapped to com.zenveus.backend.controller.HospitalController#getHospitals()
2025-04-02 07:16:31 [http-nio-8181-exec-3] DEBUG org.hibernate.SQL - 
    select
        h1_0.id,
        h1_0.district,
        h1_0.latitude,
        h1_0.longitude,
        h1_0.name 
    from
        hospital h1_0
2025-04-02 07:16:31 [http-nio-8181-exec-3] DEBUG o.s.w.s.m.m.a.HttpEntityMethodProcessor - Using 'application/json', given [application/json, text/plain, */*] and supported [application/json, application/*+json]
2025-04-02 07:16:31 [http-nio-8181-exec-3] DEBUG o.s.w.s.m.m.a.HttpEntityMethodProcessor - Writing [[HospitalDTO(id=LL002300HP0001, name=General Hospital, latitude=6.9271, longitude=79.8612, district= (truncated)...]
2025-04-02 07:16:31 [http-nio-8181-exec-3] DEBUG o.s.web.servlet.DispatcherServlet - Completed 200 OK
2025-04-02 07:32:24 [HikariPool-1 housekeeper] WARN  com.zaxxer.hikari.pool.HikariPool - HikariPool-1 - Thread starvation or clock leap detected (housekeeper delta=15m55s763ms).
2025-04-02 07:50:41 [HikariPool-1 housekeeper] WARN  com.zaxxer.hikari.pool.HikariPool - HikariPool-1 - Thread starvation or clock leap detected (housekeeper delta=18m17s568ms).
2025-04-02 09:17:32 [HikariPool-1 housekeeper] WARN  com.zaxxer.hikari.pool.HikariPool - HikariPool-1 - Thread starvation or clock leap detected (housekeeper delta=1h26m51s63ms).
2025-04-02 09:57:07 [HikariPool-1 housekeeper] WARN  com.zaxxer.hikari.pool.HikariPool - HikariPool-1 - Thread starvation or clock leap detected (housekeeper delta=39m34s723ms).
2025-04-02 10:34:10 [HikariPool-1 housekeeper] WARN  com.zaxxer.hikari.pool.HikariPool - HikariPool-1 - Thread starvation or clock leap detected (housekeeper delta=37m3s345ms).
2025-04-02 12:13:17 [HikariPool-1 housekeeper] WARN  com.zaxxer.hikari.pool.HikariPool - HikariPool-1 - Thread starvation or clock leap detected (housekeeper delta=1h39m6s336ms).
2025-04-02 12:31:02 [HikariPool-1 housekeeper] WARN  com.zaxxer.hikari.pool.HikariPool - HikariPool-1 - Thread starvation or clock leap detected (housekeeper delta=17m45s730ms).
2025-04-02 12:35:07 [http-nio-8181-exec-8] DEBUG o.s.web.servlet.DispatcherServlet - GET "/api/v1/hospital/getAllHospitals", parameters={}
2025-04-02 12:35:07 [http-nio-8181-exec-8] DEBUG o.s.w.s.m.m.a.RequestMappingHandlerMapping - Mapped to com.zenveus.backend.controller.HospitalController#getHospitals()
2025-04-02 12:35:07 [http-nio-8181-exec-8] DEBUG org.hibernate.SQL - 
    select
        h1_0.id,
        h1_0.district,
        h1_0.latitude,
        h1_0.longitude,
        h1_0.name 
    from
        hospital h1_0
2025-04-02 12:35:07 [http-nio-8181-exec-8] DEBUG o.s.w.s.m.m.a.HttpEntityMethodProcessor - Using 'application/json', given [application/json, text/plain, */*] and supported [application/json, application/*+json]
2025-04-02 12:35:07 [http-nio-8181-exec-8] DEBUG o.s.w.s.m.m.a.HttpEntityMethodProcessor - Writing [[HospitalDTO(id=LL002300HP0001, name=General Hospital, latitude=6.9271, longitude=79.8612, district= (truncated)...]
2025-04-02 12:35:07 [http-nio-8181-exec-8] DEBUG o.s.web.servlet.DispatcherServlet - Completed 200 OK
2025-04-02 12:35:07 [http-nio-8181-exec-9] DEBUG o.s.web.servlet.DispatcherServlet - GET "/api/v1/hospital/getAllHospitals", parameters={}
2025-04-02 12:35:07 [http-nio-8181-exec-9] DEBUG o.s.w.s.m.m.a.RequestMappingHandlerMapping - Mapped to com.zenveus.backend.controller.HospitalController#getHospitals()
2025-04-02 12:35:07 [http-nio-8181-exec-9] DEBUG org.hibernate.SQL - 
    select
        h1_0.id,
        h1_0.district,
        h1_0.latitude,
        h1_0.longitude,
        h1_0.name 
    from
        hospital h1_0
2025-04-02 12:35:08 [http-nio-8181-exec-9] DEBUG o.s.w.s.m.m.a.HttpEntityMethodProcessor - Using 'application/json', given [application/json, text/plain, */*] and supported [application/json, application/*+json]
2025-04-02 12:35:08 [http-nio-8181-exec-9] DEBUG o.s.w.s.m.m.a.HttpEntityMethodProcessor - Writing [[HospitalDTO(id=LL002300HP0001, name=General Hospital, latitude=6.9271, longitude=79.8612, district= (truncated)...]
2025-04-02 12:35:08 [http-nio-8181-exec-9] DEBUG o.s.web.servlet.DispatcherServlet - Completed 200 OK
2025-04-02 12:44:35 [HikariPool-1 housekeeper] WARN  com.zaxxer.hikari.pool.HikariPool - HikariPool-1 - Thread starvation or clock leap detected (housekeeper delta=9m32s898ms).
2025-04-02 12:51:21 [HikariPool-1 housekeeper] WARN  com.zaxxer.hikari.pool.HikariPool - HikariPool-1 - Thread starvation or clock leap detected (housekeeper delta=6m45s498ms).
2025-04-02 14:29:57 [http-nio-8181-exec-4] DEBUG o.s.web.servlet.DispatcherServlet - GET "/api/v1/hospital/getAllHospitals", parameters={}
2025-04-02 14:29:57 [http-nio-8181-exec-4] DEBUG o.s.w.s.m.m.a.RequestMappingHandlerMapping - Mapped to com.zenveus.backend.controller.HospitalController#getHospitals()
2025-04-02 14:29:57 [http-nio-8181-exec-4] DEBUG org.hibernate.SQL - 
    select
        h1_0.id,
        h1_0.district,
        h1_0.latitude,
        h1_0.longitude,
        h1_0.name 
    from
        hospital h1_0
2025-04-02 14:29:57 [http-nio-8181-exec-4] DEBUG o.s.w.s.m.m.a.HttpEntityMethodProcessor - Using 'application/json', given [application/json, text/plain, */*] and supported [application/json, application/*+json]
2025-04-02 14:29:57 [http-nio-8181-exec-4] DEBUG o.s.w.s.m.m.a.HttpEntityMethodProcessor - Writing [[HospitalDTO(id=LL002300HP0001, name=General Hospital, latitude=6.9271, longitude=79.8612, district= (truncated)...]
2025-04-02 14:29:57 [http-nio-8181-exec-4] DEBUG o.s.web.servlet.DispatcherServlet - Completed 200 OK
2025-04-02 14:29:57 [http-nio-8181-exec-2] DEBUG o.s.web.servlet.DispatcherServlet - GET "/api/v1/hospital/getAllHospitals", parameters={}
2025-04-02 14:29:57 [http-nio-8181-exec-2] DEBUG o.s.w.s.m.m.a.RequestMappingHandlerMapping - Mapped to com.zenveus.backend.controller.HospitalController#getHospitals()
2025-04-02 14:29:57 [http-nio-8181-exec-2] DEBUG org.hibernate.SQL - 
    select
        h1_0.id,
        h1_0.district,
        h1_0.latitude,
        h1_0.longitude,
        h1_0.name 
    from
        hospital h1_0
2025-04-02 14:29:57 [http-nio-8181-exec-2] DEBUG o.s.w.s.m.m.a.HttpEntityMethodProcessor - Using 'application/json', given [application/json, text/plain, */*] and supported [application/json, application/*+json]
2025-04-02 14:29:57 [http-nio-8181-exec-2] DEBUG o.s.w.s.m.m.a.HttpEntityMethodProcessor - Writing [[HospitalDTO(id=LL002300HP0001, name=General Hospital, latitude=6.9271, longitude=79.8612, district= (truncated)...]
2025-04-02 14:29:57 [http-nio-8181-exec-2] DEBUG o.s.web.servlet.DispatcherServlet - Completed 200 OK
2025-04-02 14:52:00 [HikariPool-1 housekeeper] WARN  com.zaxxer.hikari.pool.HikariPool - HikariPool-1 - Thread starvation or clock leap detected (housekeeper delta=22m8s310ms).
2025-04-02 16:30:59 [HikariPool-1 housekeeper] WARN  com.zaxxer.hikari.pool.HikariPool - HikariPool-1 - Thread starvation or clock leap detected (housekeeper delta=1h38m58s637ms).
2025-04-02 17:00:48 [HikariPool-1 housekeeper] WARN  com.zaxxer.hikari.pool.HikariPool - HikariPool-1 - Thread starvation or clock leap detected (housekeeper delta=29m49s574ms).
2025-04-02 17:03:30 [http-nio-8181-exec-6] DEBUG o.s.web.servlet.DispatcherServlet - GET "/api/v1/hospital/getAllHospitals", parameters={}
2025-04-02 17:03:30 [http-nio-8181-exec-6] DEBUG o.s.w.s.m.m.a.RequestMappingHandlerMapping - Mapped to com.zenveus.backend.controller.HospitalController#getHospitals()
2025-04-02 17:03:30 [http-nio-8181-exec-6] DEBUG org.hibernate.SQL - 
    select
        h1_0.id,
        h1_0.district,
        h1_0.latitude,
        h1_0.longitude,
        h1_0.name 
    from
        hospital h1_0
2025-04-02 17:03:30 [http-nio-8181-exec-6] DEBUG o.s.w.s.m.m.a.HttpEntityMethodProcessor - Using 'application/json', given [application/json, text/plain, */*] and supported [application/json, application/*+json]
2025-04-02 17:03:30 [http-nio-8181-exec-6] DEBUG o.s.w.s.m.m.a.HttpEntityMethodProcessor - Writing [[HospitalDTO(id=LL002300HP0001, name=General Hospital, latitude=6.9271, longitude=79.8612, district= (truncated)...]
2025-04-02 17:03:30 [http-nio-8181-exec-6] DEBUG o.s.web.servlet.DispatcherServlet - Completed 200 OK
2025-04-02 17:03:30 [http-nio-8181-exec-7] DEBUG o.s.web.servlet.DispatcherServlet - GET "/api/v1/hospital/getAllHospitals", parameters={}
2025-04-02 17:03:30 [http-nio-8181-exec-7] DEBUG o.s.w.s.m.m.a.RequestMappingHandlerMapping - Mapped to com.zenveus.backend.controller.HospitalController#getHospitals()
2025-04-02 17:03:30 [http-nio-8181-exec-7] DEBUG org.hibernate.SQL - 
    select
        h1_0.id,
        h1_0.district,
        h1_0.latitude,
        h1_0.longitude,
        h1_0.name 
    from
        hospital h1_0
2025-04-02 17:03:30 [http-nio-8181-exec-7] DEBUG o.s.w.s.m.m.a.HttpEntityMethodProcessor - Using 'application/json', given [application/json, text/plain, */*] and supported [application/json, application/*+json]
2025-04-02 17:03:30 [http-nio-8181-exec-7] DEBUG o.s.w.s.m.m.a.HttpEntityMethodProcessor - Writing [[HospitalDTO(id=LL002300HP0001, name=General Hospital, latitude=6.9271, longitude=79.8612, district= (truncated)...]
2025-04-02 17:03:30 [http-nio-8181-exec-7] DEBUG o.s.web.servlet.DispatcherServlet - Completed 200 OK
2025-04-02 17:04:06 [HikariPool-1 housekeeper] WARN  com.zaxxer.hikari.pool.HikariPool - HikariPool-1 - Thread starvation or clock leap detected (housekeeper delta=47s384ms).
2025-04-02 17:05:06 [SpringApplicationShutdownHook] DEBUG o.s.b.a.ApplicationAvailabilityBean - Application availability state ReadinessState changed from ACCEPTING_TRAFFIC to REFUSING_TRAFFIC
2025-04-02 17:05:06 [SpringApplicationShutdownHook] DEBUG o.s.b.w.s.c.AnnotationConfigServletWebServerApplicationContext - Closing org.springframework.boot.web.servlet.context.AnnotationConfigServletWebServerApplicationContext@61ab0a3d, started on Tue Apr 01 17:07:27 IST 2025
2025-04-02 17:05:06 [SpringApplicationShutdownHook] INFO  o.s.b.w.e.tomcat.GracefulShutdown - Commencing graceful shutdown. Waiting for active requests to complete
2025-04-02 17:05:06 [tomcat-shutdown] INFO  o.s.b.w.e.tomcat.GracefulShutdown - Graceful shutdown complete
2025-04-02 17:05:06 [SpringApplicationShutdownHook] INFO  o.s.o.j.LocalContainerEntityManagerFactoryBean - Closing JPA EntityManagerFactory for persistence unit 'default'
2025-04-02 17:05:06 [SpringApplicationShutdownHook] INFO  com.zaxxer.hikari.HikariDataSource - HikariPool-1 - Shutdown initiated...
2025-04-02 17:05:06 [SpringApplicationShutdownHook] INFO  com.zaxxer.hikari.HikariDataSource - HikariPool-1 - Shutdown completed.
